Case #1: NNESN
Case #2: NNWSN
Case #3: NNNNSNNNNENNNNNEEEEE
Case #4: WWWWNWWWWWEWWWW
Case #5: NNSNNNNNNNNN
Case #6: SNS
Case #7: WNWWWWEWWWWWWWNNNNE
Case #8: EWEEEEEEEEEENEW
Case #9: WWNWEWWWWNN
Case #10: NWS
Case #11: EEWEEEE
Case #12: WEWNWWWWN
Case #13: NSNNNNNNNWNNW
Case #14: SSSSNSSSSWSSSSSWWWWW
Case #15: ESN
Case #16: WS
Case #17: WWWWWWSNSWWWSSS
Case #18: WEW
Case #19: WWWWEWWWNWNN
Case #20: SSSNWSSSW
Case #21: E
Case #22: WSWWWWEWWWWWWWSSS
Case #23: EWEEEEEEEEENEN
Case #24: ES
Case #25: WNS
Case #26: WNWWWWWWWWWWNEN
Case #27: NEWEEEE
Case #28: W
Case #29: ENEEEEEENNW
Case #30: ENS
Case #31: SNSSSSSSN
Case #32: EEEEEEEEEE
Case #33: EEESEEWEEEE
Case #34: SSEWESSSSSSEEE
Case #35: S
Case #36: SSSESNSSSSSSSSSSEEEEN
Case #37: WWWWEWWWWWWW
Case #38: WSN
Case #39: EEENEEENN
Case #40: WEWWWWWWWWWWWWNWNNNNE
Case #41: NNNNNNSNNNNENNE
Case #42: SSSSSSSSSSSESSE
Case #43: NW
Case #44: SNNNNNNNNNS
Case #45: NWWWWWWWWWWEWWWNNNN
Case #46: EEEEEWEEEEE
Case #47: SW
Case #48: EEEWEEEEEEEEW
Case #49: NNNNSNNNNENNNN
Case #50: N
